<?xml version="1.0" encoding="UTF-8"?>
<testsuite xmlns:xsi="http://www.w3.org/2001/XMLSchema-instance" xsi:noNamespaceSchemaLocation="https://maven.apache.org/surefire/maven-surefire-plugin/xsd/surefire-test-report-3.0.xsd" version="3.0" name="com.google.gson.stream.JsonWriterTest" time="0.138" tests="41" errors="0" skipped="0" failures="0">
  <properties>
[...]
</properties>
  <testcase name="testEmptyArray" classname="com.google.gson.stream.JsonWriterTest" time="0.019"/>
  <testcase name="testTwoNames" classname="com.google.gson.stream.JsonWriterTest" time="0"/>
  <testcase name="testNameWithoutValue" classname="com.google.gson.stream.JsonWriterTest" time="0"/>
  <testcase name="testBooleans" classname="com.google.gson.stream.JsonWriterTest" time="0"/>
  <testcase name="testBoxedBooleans" classname="com.google.gson.stream.JsonWriterTest" time="0"/>
  <testcase name="testInvalidTopLevelTypes" classname="com.google.gson.stream.JsonWriterTest" time="0"/>
  <testcase name="testNullStringValue" classname="com.google.gson.stream.JsonWriterTest" time="0"/>
  <testcase name="testDeepNestingArrays" classname="com.google.gson.stream.JsonWriterTest" time="0"/>
  <testcase name="testLongs" classname="com.google.gson.stream.JsonWriterTest" time="0"/>
  <testcase name="testNulls" classname="com.google.gson.stream.JsonWriterTest" time="0.001"/>
  <testcase name="testNullName" classname="com.google.gson.stream.JsonWriterTest" time="0"/>
  <testcase name="testArraysInObjects" classname="com.google.gson.stream.JsonWriterTest" time="0"/>
  <testcase name="testNonFiniteDoublesWhenLenient" classname="com.google.gson.stream.JsonWriterTest" time="0"/>
  <testcase name="testRepeatedName" classname="com.google.gson.stream.JsonWriterTest" time="0"/>
  <testcase name="testMalformedNumbers" classname="com.google.gson.stream.JsonWriterTest" time="0"/>
  <testcase name="testTopLevelValueTypes" classname="com.google.gson.stream.JsonWriterTest" time="0"/>
  <testcase name="testClosedWriterThrowsOnStructure" classname="com.google.gson.stream.JsonWriterTest" time="0"/>
  <testcase name="testObjectsInArrays" classname="com.google.gson.stream.JsonWriterTest" time="0"/>
  <testcase name="testStrictWriterDoesNotPermitMultipleTopLevelValues" classname="com.google.gson.stream.JsonWriterTest" time="0"/>
  <testcase name="testJsonValue" classname="com.google.gson.stream.JsonWriterTest" time="0"/>
  <testcase name="testWriterCloseIsIdempotent" classname="com.google.gson.stream.JsonWriterTest" time="0.001"/>
  <testcase name="testLenientWriterPermitsMultipleTopLevelValues" classname="com.google.gson.stream.JsonWriterTest" time="0"/>
  <testcase name="testBadNestingObject" classname="com.google.gson.stream.JsonWriterTest" time="0"/>
  <testcase name="testPrettyPrintArray" classname="com.google.gson.stream.JsonWriterTest" time="0"/>
  <testcase name="testPrettyPrintObject" classname="com.google.gson.stream.JsonWriterTest" time="0"/>
  <testcase name="testValueWithoutName" classname="com.google.gson.stream.JsonWriterTest" time="0"/>
  <testcase name="testDeepNestingObjects" classname="com.google.gson.stream.JsonWriterTest" time="0"/>
  <testcase name="testEmptyObject" classname="com.google.gson.stream.JsonWriterTest" time="0"/>
  <testcase name="testNumbersCustomClass" classname="com.google.gson.stream.JsonWriterTest" time="0.001"/>
  <testcase name="testBadNestingArray" classname="com.google.gson.stream.JsonWriterTest" time="0"/>
  <testcase name="testMultipleTopLevelValues" classname="com.google.gson.stream.JsonWriterTest" time="0"/>
  <testcase name="testNonFiniteDoubles" classname="com.google.gson.stream.JsonWriterTest" time="0"/>
  <testcase name="testNonFiniteNumbersWhenLenient" classname="com.google.gson.stream.JsonWriterTest" time="0"/>
  <testcase name="testClosedWriterThrowsOnFlush" classname="com.google.gson.stream.JsonWriterTest" time="0"/>
  <testcase name="testClosedWriterThrowsOnValue" classname="com.google.gson.stream.JsonWriterTest" time="0"/>
  <testcase name="testNonFiniteNumbers" classname="com.google.gson.stream.JsonWriterTest" time="0"/>
  <testcase name="testDoubles" classname="com.google.gson.stream.JsonWriterTest" time="0"/>
  <testcase name="testClosedWriterThrowsOnName" classname="com.google.gson.stream.JsonWriterTest" time="0"/>
  <testcase name="testNumbers" classname="com.google.gson.stream.JsonWriterTest" time="0.001"/>
  <testcase name="testStrings" classname="com.google.gson.stream.JsonWriterTest" time="0"/>
  <testcase name="testUnicodeLineBreaksEscaped" classname="com.google.gson.stream.JsonWriterTest" time="0.001"/>
</testsuite>